2025-01-22 10:55:32 INFO  com.student.Application - Starting Application using Java 21.0.2 on DESKTOP-UDHC4E0 with PID 11856 (A:\collegedatabasewithHttpendpoints\target\classes started by Lenovo in A:\collegedatabasewithHttpendpoints)
2025-01-22 10:55:33 INFO  com.student.Application - No active profile set, falling back to 1 default profile: "default"
2025-01-22 10:55:39 INFO  o.s.b.w.e.tomcat.TomcatWebServer - Tomcat initialized with port(s): 8080 (http)
2025-01-22 10:55:39 INFO  o.a.coyote.http11.Http11NioProtocol - Initializing ProtocolHandler ["http-nio-8080"]
2025-01-22 10:55:39 INFO  o.a.catalina.core.StandardService - Starting service [Tomcat]
2025-01-22 10:55:39 INFO  o.a.catalina.core.StandardEngine - Starting Servlet engine: [Apache Tomcat/9.0.73]
2025-01-22 10:55:40 INFO  o.a.c.c.C.[Tomcat].[localhost].[/] - Initializing Spring embedded WebApplicationContext
2025-01-22 10:55:40 INFO  o.s.b.w.s.c.ServletWebServerApplicationContext - Root WebApplicationContext: initialization completed in 6984 ms
2025-01-22 10:55:40 INFO  com.student.config.AppConfig - Initializing Mongo Clients
2025-01-22 10:55:40 INFO  org.mongodb.driver.client - MongoClient with metadata {"driver": {"name": "mongo-java-driver|sync", "version": "4.6.1"}, "os": {"type": "Windows", "name": "Windows 10", "architecture": "amd64", "version": "10.0"}, "platform": "Java/Oracle Corporation/21.0.2+13-LTS-58"} created with settings MongoClientSettings{readPreference=primary, writeConcern=WriteConcern{w=null, wTimeout=null ms, journal=null}, retryWrites=true, retryReads=true, readConcern=ReadConcern{level=null}, credential=null, streamFactoryFactory=null, commandListeners=[], codecRegistry=ProvidersCodecRegistry{codecProviders=[ValueCodecProvider{}, BsonValueCodecProvider{}, DBRefCodecProvider{}, DBObjectCodecProvider{}, DocumentCodecProvider{}, IterableCodecProvider{}, MapCodecProvider{}, GeoJsonCodecProvider{}, GridFSFileCodecProvider{}, Jsr310CodecProvider{}, JsonObjectCodecProvider{}, BsonCodecProvider{}, EnumCodecProvider{}, com.mongodb.Jep395RecordCodecProvider@3d7fb838]}, clusterSettings={hosts=[localhost:27017], srvServiceName=mongodb, mode=SINGLE, requiredClusterType=UNKNOWN, requiredReplicaSetName='null', serverSelector='null', clusterListeners='[]', serverSelectionTimeout='30000 ms', localThreshold='30000 ms'}, socketSettings=SocketSettings{connectTimeoutMS=10000, readTimeoutMS=0, receiveBufferSize=0, sendBufferSize=0}, heartbeatSocketSettings=SocketSettings{connectTimeoutMS=10000, readTimeoutMS=10000, receiveBufferSize=0, sendBufferSize=0}, connectionPoolSettings=ConnectionPoolSettings{maxSize=100, minSize=0, maxWaitTimeMS=120000, maxConnectionLifeTimeMS=0, maxConnectionIdleTimeMS=0, maintenanceInitialDelayMS=0, maintenanceFrequencyMS=60000, connectionPoolListeners=[], maxConnecting=2}, serverSettings=ServerSettings{heartbeatFrequencyMS=10000, minHeartbeatFrequencyMS=500, serverListeners='[]', serverMonitorListeners='[]'}, sslSettings=SslSettings{enabled=false, invalidHostNameAllowed=false, context=null}, applicationName='null', compressorList=[], uuidRepresentation=UNSPECIFIED, serverApi=null, autoEncryptionSettings=null, contextProvider=null}
2025-01-22 10:55:40 INFO  com.student.config.AppConfig - Initializing Mongo DB
2025-01-22 10:55:40 INFO  org.mongodb.driver.connection - Opened connection [connectionId{localValue:2, serverValue:1}] to localhost:27017
2025-01-22 10:55:40 INFO  org.mongodb.driver.connection - Opened connection [connectionId{localValue:1, serverValue:2}] to localhost:27017
2025-01-22 10:55:40 INFO  org.mongodb.driver.cluster - Monitor thread successfully connected to server with description ServerDescription{address=localhost:27017, type=STANDALONE, state=CONNECTED, ok=true, minWireVersion=0, maxWireVersion=25, maxDocumentSize=16777216, logicalSessionTimeoutMinutes=30, roundTripTimeNanos=109033500}
2025-01-22 10:55:42 INFO  o.a.coyote.http11.Http11NioProtocol - Starting ProtocolHandler ["http-nio-8080"]
2025-01-22 10:55:42 INFO  o.s.b.w.e.tomcat.TomcatWebServer - Tomcat started on port(s): 8080 (http) with context path ''
2025-01-22 10:55:42 INFO  com.student.Application - Started Application in 11.209 seconds (JVM running for 15.269)
2025-01-22 10:58:25 INFO  o.a.c.c.C.[Tomcat].[localhost].[/] - Initializing Spring DispatcherServlet 'dispatcherServlet'
2025-01-22 10:58:25 INFO  o.s.web.servlet.DispatcherServlet - Initializing Servlet 'dispatcherServlet'
2025-01-22 10:58:25 INFO  o.s.web.servlet.DispatcherServlet - Completed initialization in 2 ms
2025-01-22 10:58:25 WARN  o.s.w.s.m.s.DefaultHandlerExceptionResolver - Resolved [org.springframework.web.method.annotation.MethodArgumentTypeMismatchException: Failed to convert value of type 'java.lang.String' to required type 'int'; nested exception is java.lang.NumberFormatException: For input string: "departments"]
2025-01-22 10:58:37 INFO  c.student.store.DepartmentRepository - Checking dept id is present or not
2025-01-22 10:58:37 INFO  org.mongodb.driver.connection - Opened connection [connectionId{localValue:3, serverValue:15}] to localhost:27017
2025-01-22 10:58:37 INFO  com.student.service.CollegeService - Saving the new department to department list.
2025-01-22 10:58:37 INFO  c.student.store.DepartmentRepository - Adding new department
2025-01-22 10:59:14 INFO  c.student.store.DepartmentRepository - Checking dept id is present or not
2025-01-22 10:59:14 INFO  com.student.service.CollegeService - Saving the new department to department list.
2025-01-22 10:59:14 INFO  c.student.store.DepartmentRepository - Adding new department
2025-01-22 10:59:28 WARN  o.s.w.s.m.s.DefaultHandlerExceptionResolver - Resolved [org.springframework.http.converter.HttpMessageNotReadableException: JSON parse error: Cannot deserialize value of type `int` from String "hegde": not a valid `int` value; nested exception is com.fasterxml.jackson.databind.exc.InvalidFormatException: Cannot deserialize value of type `int` from String "hegde": not a valid `int` value<EOL> at [Source: (org.springframework.util.StreamUtils$NonClosingInputStream); line: 4, column: 8] (through reference chain: com.student.entity.Department["id"])]
2025-01-22 11:11:35 INFO  com.student.Application - Starting Application using Java 21.0.2 on DESKTOP-UDHC4E0 with PID 11024 (A:\collegedatabasewithHttpendpoints\target\classes started by Lenovo in A:\collegedatabasewithHttpendpoints)
2025-01-22 11:11:35 INFO  com.student.Application - No active profile set, falling back to 1 default profile: "default"
2025-01-22 11:11:48 INFO  o.s.b.w.e.tomcat.TomcatWebServer - Tomcat initialized with port(s): 8080 (http)
2025-01-22 11:11:48 INFO  o.a.coyote.http11.Http11NioProtocol - Initializing ProtocolHandler ["http-nio-8080"]
2025-01-22 11:11:48 INFO  o.a.catalina.core.StandardService - Starting service [Tomcat]
2025-01-22 11:11:48 INFO  o.a.catalina.core.StandardEngine - Starting Servlet engine: [Apache Tomcat/9.0.73]
2025-01-22 11:11:48 INFO  o.a.c.c.C.[Tomcat].[localhost].[/] - Initializing Spring embedded WebApplicationContext
2025-01-22 11:11:48 INFO  o.s.b.w.s.c.ServletWebServerApplicationContext - Root WebApplicationContext: initialization completed in 12828 ms
2025-01-22 11:11:49 INFO  com.student.config.AppConfig - Initializing Mongo Clients
2025-01-22 11:11:49 INFO  org.mongodb.driver.client - MongoClient with metadata {"driver": {"name": "mongo-java-driver|sync", "version": "4.6.1"}, "os": {"type": "Windows", "name": "Windows 10", "architecture": "amd64", "version": "10.0"}, "platform": "Java/Oracle Corporation/21.0.2+13-LTS-58"} created with settings MongoClientSettings{readPreference=primary, writeConcern=WriteConcern{w=null, wTimeout=null ms, journal=null}, retryWrites=true, retryReads=true, readConcern=ReadConcern{level=null}, credential=null, streamFactoryFactory=null, commandListeners=[], codecRegistry=ProvidersCodecRegistry{codecProviders=[ValueCodecProvider{}, BsonValueCodecProvider{}, DBRefCodecProvider{}, DBObjectCodecProvider{}, DocumentCodecProvider{}, IterableCodecProvider{}, MapCodecProvider{}, GeoJsonCodecProvider{}, GridFSFileCodecProvider{}, Jsr310CodecProvider{}, JsonObjectCodecProvider{}, BsonCodecProvider{}, EnumCodecProvider{}, com.mongodb.Jep395RecordCodecProvider@1352434e]}, clusterSettings={hosts=[localhost:27017], srvServiceName=mongodb, mode=SINGLE, requiredClusterType=UNKNOWN, requiredReplicaSetName='null', serverSelector='null', clusterListeners='[]', serverSelectionTimeout='30000 ms', localThreshold='30000 ms'}, socketSettings=SocketSettings{connectTimeoutMS=10000, readTimeoutMS=0, receiveBufferSize=0, sendBufferSize=0}, heartbeatSocketSettings=SocketSettings{connectTimeoutMS=10000, readTimeoutMS=10000, receiveBufferSize=0, sendBufferSize=0}, connectionPoolSettings=ConnectionPoolSettings{maxSize=100, minSize=0, maxWaitTimeMS=120000, maxConnectionLifeTimeMS=0, maxConnectionIdleTimeMS=0, maintenanceInitialDelayMS=0, maintenanceFrequencyMS=60000, connectionPoolListeners=[], maxConnecting=2}, serverSettings=ServerSettings{heartbeatFrequencyMS=10000, minHeartbeatFrequencyMS=500, serverListeners='[]', serverMonitorListeners='[]'}, sslSettings=SslSettings{enabled=false, invalidHostNameAllowed=false, context=null}, applicationName='null', compressorList=[], uuidRepresentation=UNSPECIFIED, serverApi=null, autoEncryptionSettings=null, contextProvider=null}
2025-01-22 11:11:49 INFO  com.student.config.AppConfig - Initializing Mongo DB
2025-01-22 11:11:50 INFO  org.mongodb.driver.connection - Opened connection [connectionId{localValue:2, serverValue:17}] to localhost:27017
2025-01-22 11:11:50 INFO  org.mongodb.driver.connection - Opened connection [connectionId{localValue:1, serverValue:16}] to localhost:27017
2025-01-22 11:11:50 INFO  org.mongodb.driver.cluster - Monitor thread successfully connected to server with description ServerDescription{address=localhost:27017, type=STANDALONE, state=CONNECTED, ok=true, minWireVersion=0, maxWireVersion=25, maxDocumentSize=16777216, logicalSessionTimeoutMinutes=30, roundTripTimeNanos=76244600}
2025-01-22 11:11:52 INFO  o.a.coyote.http11.Http11NioProtocol - Starting ProtocolHandler ["http-nio-8080"]
2025-01-22 11:11:52 INFO  o.s.b.w.e.tomcat.TomcatWebServer - Tomcat started on port(s): 8080 (http) with context path ''
2025-01-22 11:11:52 INFO  com.student.Application - Started Application in 23.382 seconds (JVM running for 29.251)
2025-01-22 11:11:55 INFO  o.a.c.c.C.[Tomcat].[localhost].[/] - Initializing Spring DispatcherServlet 'dispatcherServlet'
2025-01-22 11:11:55 INFO  o.s.web.servlet.DispatcherServlet - Initializing Servlet 'dispatcherServlet'
2025-01-22 11:11:55 INFO  o.s.web.servlet.DispatcherServlet - Completed initialization in 2 ms
2025-01-22 11:11:56 WARN  o.s.w.s.m.s.DefaultHandlerExceptionResolver - Resolved [org.springframework.http.converter.HttpMessageNotReadableException: JSON parse error: Cannot deserialize value of type `int` from String "hegde": not a valid `int` value; nested exception is com.fasterxml.jackson.databind.exc.InvalidFormatException: Cannot deserialize value of type `int` from String "hegde": not a valid `int` value<EOL> at [Source: (org.springframework.util.StreamUtils$NonClosingInputStream); line: 4, column: 8] (through reference chain: com.student.entity.Department["id"])]
2025-01-22 11:12:04 WARN  o.s.w.s.m.s.DefaultHandlerExceptionResolver - Resolved [org.springframework.http.converter.HttpMessageNotReadableException: JSON parse error: Cannot deserialize value of type `int` from String "hegd56e": not a valid `int` value; nested exception is com.fasterxml.jackson.databind.exc.InvalidFormatException: Cannot deserialize value of type `int` from String "hegd56e": not a valid `int` value<EOL> at [Source: (org.springframework.util.StreamUtils$NonClosingInputStream); line: 4, column: 8] (through reference chain: com.student.entity.Department["id"])]
2025-01-22 11:12:19 WARN  o.s.w.s.m.s.DefaultHandlerExceptionResolver - Resolved [org.springframework.http.converter.HttpMessageNotReadableException: JSON parse error: Cannot deserialize value of type `int` from String "hegd56e": not a valid `int` value; nested exception is com.fasterxml.jackson.databind.exc.InvalidFormatException: Cannot deserialize value of type `int` from String "hegd56e": not a valid `int` value<EOL> at [Source: (org.springframework.util.StreamUtils$NonClosingInputStream); line: 4, column: 8] (through reference chain: com.student.entity.Department["id"])]
2025-01-22 11:12:28 WARN  o.s.w.s.m.s.DefaultHandlerExceptionResolver - Resolved [org.springframework.http.converter.HttpMessageNotReadableException: JSON parse error: Cannot deserialize value of type `int` from String "hdeud": not a valid `int` value; nested exception is com.fasterxml.jackson.databind.exc.InvalidFormatException: Cannot deserialize value of type `int` from String "hdeud": not a valid `int` value<EOL> at [Source: (org.springframework.util.StreamUtils$NonClosingInputStream); line: 4, column: 8] (through reference chain: com.student.entity.Department["id"])]
2025-01-22 11:12:37 INFO  c.student.store.DepartmentRepository - Checking dept id is present or not
2025-01-22 11:12:38 INFO  org.mongodb.driver.connection - Opened connection [connectionId{localValue:3, serverValue:18}] to localhost:27017
2025-01-22 11:12:38 INFO  com.student.service.CollegeService - Saving the new department to department list.
2025-01-22 11:12:38 INFO  c.student.store.DepartmentRepository - Adding new department
2025-01-22 11:12:56 INFO  c.student.store.DepartmentRepository - Checking dept id is present or not
2025-01-22 11:12:56 INFO  com.student.service.CollegeService - Saving the new department to department list.
2025-01-22 11:12:56 INFO  c.student.store.DepartmentRepository - Adding new department
2025-01-22 11:13:18 INFO  c.student.store.DepartmentRepository - Checking dept id is present or not
2025-01-22 11:13:35 INFO  c.student.store.DepartmentRepository - Checking dept id is present or not
2025-01-22 11:13:35 INFO  com.student.service.CollegeService - Saving the new department to department list.
2025-01-22 11:13:35 INFO  c.student.store.DepartmentRepository - Adding new department
2025-01-22 11:16:17 INFO  com.student.Application - Starting Application using Java 21.0.2 on DESKTOP-UDHC4E0 with PID 2240 (A:\collegedatabasewithHttpendpoints\target\classes started by Lenovo in A:\collegedatabasewithHttpendpoints)
2025-01-22 11:16:17 INFO  com.student.Application - No active profile set, falling back to 1 default profile: "default"
2025-01-22 11:16:20 INFO  o.s.b.w.e.tomcat.TomcatWebServer - Tomcat initialized with port(s): 8080 (http)
2025-01-22 11:16:20 INFO  o.a.coyote.http11.Http11NioProtocol - Initializing ProtocolHandler ["http-nio-8080"]
2025-01-22 11:16:20 INFO  o.a.catalina.core.StandardService - Starting service [Tomcat]
2025-01-22 11:16:20 INFO  o.a.catalina.core.StandardEngine - Starting Servlet engine: [Apache Tomcat/9.0.73]
2025-01-22 11:16:21 INFO  o.a.c.c.C.[Tomcat].[localhost].[/] - Initializing Spring embedded WebApplicationContext
2025-01-22 11:16:21 INFO  o.s.b.w.s.c.ServletWebServerApplicationContext - Root WebApplicationContext: initialization completed in 3443 ms
2025-01-22 11:16:21 INFO  com.student.config.AppConfig - Initializing Mongo Clients
2025-01-22 11:16:21 INFO  org.mongodb.driver.client - MongoClient with metadata {"driver": {"name": "mongo-java-driver|sync", "version": "4.6.1"}, "os": {"type": "Windows", "name": "Windows 10", "architecture": "amd64", "version": "10.0"}, "platform": "Java/Oracle Corporation/21.0.2+13-LTS-58"} created with settings MongoClientSettings{readPreference=primary, writeConcern=WriteConcern{w=null, wTimeout=null ms, journal=null}, retryWrites=true, retryReads=true, readConcern=ReadConcern{level=null}, credential=null, streamFactoryFactory=null, commandListeners=[], codecRegistry=ProvidersCodecRegistry{codecProviders=[ValueCodecProvider{}, BsonValueCodecProvider{}, DBRefCodecProvider{}, DBObjectCodecProvider{}, DocumentCodecProvider{}, IterableCodecProvider{}, MapCodecProvider{}, GeoJsonCodecProvider{}, GridFSFileCodecProvider{}, Jsr310CodecProvider{}, JsonObjectCodecProvider{}, BsonCodecProvider{}, EnumCodecProvider{}, com.mongodb.Jep395RecordCodecProvider@77bb48d5]}, clusterSettings={hosts=[localhost:27017], srvServiceName=mongodb, mode=SINGLE, requiredClusterType=UNKNOWN, requiredReplicaSetName='null', serverSelector='null', clusterListeners='[]', serverSelectionTimeout='30000 ms', localThreshold='30000 ms'}, socketSettings=SocketSettings{connectTimeoutMS=10000, readTimeoutMS=0, receiveBufferSize=0, sendBufferSize=0}, heartbeatSocketSettings=SocketSettings{connectTimeoutMS=10000, readTimeoutMS=10000, receiveBufferSize=0, sendBufferSize=0}, connectionPoolSettings=ConnectionPoolSettings{maxSize=100, minSize=0, maxWaitTimeMS=120000, maxConnectionLifeTimeMS=0, maxConnectionIdleTimeMS=0, maintenanceInitialDelayMS=0, maintenanceFrequencyMS=60000, connectionPoolListeners=[], maxConnecting=2}, serverSettings=ServerSettings{heartbeatFrequencyMS=10000, minHeartbeatFrequencyMS=500, serverListeners='[]', serverMonitorListeners='[]'}, sslSettings=SslSettings{enabled=false, invalidHostNameAllowed=false, context=null}, applicationName='null', compressorList=[], uuidRepresentation=UNSPECIFIED, serverApi=null, autoEncryptionSettings=null, contextProvider=null}
2025-01-22 11:16:21 INFO  com.student.config.AppConfig - Initializing Mongo DB
2025-01-22 11:16:21 INFO  org.mongodb.driver.connection - Opened connection [connectionId{localValue:2, serverValue:19}] to localhost:27017
2025-01-22 11:16:21 INFO  org.mongodb.driver.connection - Opened connection [connectionId{localValue:1, serverValue:20}] to localhost:27017
2025-01-22 11:16:21 INFO  org.mongodb.driver.cluster - Monitor thread successfully connected to server with description ServerDescription{address=localhost:27017, type=STANDALONE, state=CONNECTED, ok=true, minWireVersion=0, maxWireVersion=25, maxDocumentSize=16777216, logicalSessionTimeoutMinutes=30, roundTripTimeNanos=114710000}
2025-01-22 11:16:23 INFO  o.a.coyote.http11.Http11NioProtocol - Starting ProtocolHandler ["http-nio-8080"]
2025-01-22 11:16:23 INFO  o.s.b.w.e.tomcat.TomcatWebServer - Tomcat started on port(s): 8080 (http) with context path ''
2025-01-22 11:16:23 INFO  com.student.Application - Started Application in 7.085 seconds (JVM running for 8.828)
2025-01-22 11:16:30 INFO  o.a.c.c.C.[Tomcat].[localhost].[/] - Initializing Spring DispatcherServlet 'dispatcherServlet'
2025-01-22 11:16:30 INFO  o.s.web.servlet.DispatcherServlet - Initializing Servlet 'dispatcherServlet'
2025-01-22 11:16:30 INFO  o.s.web.servlet.DispatcherServlet - Completed initialization in 5 ms
2025-01-22 11:16:30 INFO  c.student.store.DepartmentRepository - Checking dept id is present or not
2025-01-22 11:16:30 INFO  org.mongodb.driver.connection - Opened connection [connectionId{localValue:3, serverValue:21}] to localhost:27017
2025-01-22 11:16:30 INFO  com.student.service.CollegeService - Saving the new department to department list.
2025-01-22 11:16:30 INFO  c.student.store.DepartmentRepository - Adding new department
2025-01-22 11:16:41 INFO  c.student.store.DepartmentRepository - Checking dept id is present or not
2025-01-22 11:16:47 INFO  c.student.store.DepartmentRepository - Checking dept id is present or not
2025-01-22 11:16:47 INFO  com.student.service.CollegeService - Saving the new department to department list.
2025-01-22 11:16:47 INFO  c.student.store.DepartmentRepository - Adding new department
